
> bgapp-admin-dashboard@2.0.0 dev
> next dev -p 3000

   ▲ Next.js 14.0.4
   - Local:        http://localhost:3000

 ✓ Ready in 1554ms
(node:48197) [DEP0040] DeprecationWarning: The `punycode` module is deprecated. Please use a userland alternative instead.
(Use `node --trace-deprecation ...` to show where the warning was created)
 ○ Compiling / ...
 ✓ Compiled / in 3.8s (1412 modules)

 ⚠ metadata.metadataBase is not set for resolving social open graph or twitter images, using "http://localhost:3000". See https://nextjs.org/docs/app/api-reference/functions/generate-metadata#metadatabase
 ✓ Compiled in 454ms (670 modules)
 ✓ Compiled in 1293ms (1403 modules)

 ⚠ metadata.metadataBase is not set for resolving social open graph or twitter images, using "http://localhost:3000". See https://nextjs.org/docs/app/api-reference/functions/generate-metadata#metadatabase
 ⚠ Fast Refresh had to perform a full reload when src/app/globals.css, src/components/query-provider.tsx, src/components/theme-provider.tsx changed. Read more: https://nextjs.org/docs/messages/fast-refresh-reload
 ✓ Compiled in 505ms (1403 modules)

 ⚠ metadata.metadataBase is not set for resolving social open graph or twitter images, using "http://localhost:3000". See https://nextjs.org/docs/app/api-reference/functions/generate-metadata#metadatabase
 ✓ Compiled in 592ms (1403 modules)

 ⚠ metadata.metadataBase is not set for resolving social open graph or twitter images, using "http://localhost:3000". See https://nextjs.org/docs/app/api-reference/functions/generate-metadata#metadatabase
 ✓ Compiled in 1092ms (1403 modules)

 ⚠ metadata.metadataBase is not set for resolving social open graph or twitter images, using "http://localhost:3000". See https://nextjs.org/docs/app/api-reference/functions/generate-metadata#metadatabase
 ✓ Compiled in 508ms (1403 modules)

 ⚠ metadata.metadataBase is not set for resolving social open graph or twitter images, using "http://localhost:3000". See https://nextjs.org/docs/app/api-reference/functions/generate-metadata#metadatabase
 ✓ Compiled in 943ms (1403 modules)

 ⚠ metadata.metadataBase is not set for resolving social open graph or twitter images, using "http://localhost:3000". See https://nextjs.org/docs/app/api-reference/functions/generate-metadata#metadatabase
 ○ Compiling /not-found ...
 ✓ Compiled /not-found in 587ms (1394 modules)

 ⚠ metadata.metadataBase is not set for resolving social open graph or twitter images, using "http://localhost:3000". See https://nextjs.org/docs/app/api-reference/functions/generate-metadata#metadatabase
 ✓ Compiled in 683ms (1403 modules)

 ⚠ metadata.metadataBase is not set for resolving social open graph or twitter images, using "http://localhost:3000". See https://nextjs.org/docs/app/api-reference/functions/generate-metadata#metadatabase
 ✓ Compiled in 463ms (1403 modules)

 ⚠ metadata.metadataBase is not set for resolving social open graph or twitter images, using "http://localhost:3000". See https://nextjs.org/docs/app/api-reference/functions/generate-metadata#metadatabase
 ✓ Compiled in 1416ms (1403 modules)

 ⚠ metadata.metadataBase is not set for resolving social open graph or twitter images, using "http://localhost:3000". See https://nextjs.org/docs/app/api-reference/functions/generate-metadata#metadatabase
 ○ Compiling /not-found ...
 ✓ Compiled /not-found in 543ms (1394 modules)

 ⚠ metadata.metadataBase is not set for resolving social open graph or twitter images, using "http://localhost:3000". See https://nextjs.org/docs/app/api-reference/functions/generate-metadata#metadatabase
 ✓ Compiled in 353ms (1408 modules)

 ⚠ metadata.metadataBase is not set for resolving social open graph or twitter images, using "http://localhost:3000". See https://nextjs.org/docs/app/api-reference/functions/generate-metadata#metadatabase
 ✓ Compiled in 385ms (1408 modules)

 ⚠ metadata.metadataBase is not set for resolving social open graph or twitter images, using "http://localhost:3000". See https://nextjs.org/docs/app/api-reference/functions/generate-metadata#metadatabase
 ✓ Compiled in 531ms (670 modules)
 ✓ Compiled in 282ms (670 modules)
 ✓ Compiled in 177ms (670 modules)
 ✓ Compiled in 1031ms (670 modules)
 ✓ Compiled in 315ms (670 modules)
 ✓ Compiled in 1079ms (670 modules)
 ✓ Compiled in 349ms (670 modules)
 ✓ Compiled in 173ms (670 modules)
 ✓ Compiled in 624ms (670 modules)
 ✓ Compiled in 201ms (670 modules)
 ✓ Compiled in 152ms (670 modules)
 ✓ Compiled /not-found in 348ms (1394 modules)

 ⚠ metadata.metadataBase is not set for resolving social open graph or twitter images, using "http://localhost:3000". See https://nextjs.org/docs/app/api-reference/functions/generate-metadata#metadatabase
 ✓ Compiled in 446ms (672 modules)
 ✓ Compiled in 1348ms (1403 modules)

 ⚠ metadata.metadataBase is not set for resolving social open graph or twitter images, using "http://localhost:3000". See https://nextjs.org/docs/app/api-reference/functions/generate-metadata#metadatabase
 ⚠ Fast Refresh had to perform a full reload. Read more: https://nextjs.org/docs/messages/fast-refresh-reload
 ⚠ ./src/components/dashboard/services-integration-complete.tsx
Attempted import error: 'DatabaseIcon' is not exported from '__barrel_optimize__?names=BoltIcon,CircleStackIcon,CloudArrowUpIcon,CpuChipIcon,DatabaseIcon,MapIcon,ServerIcon,ShieldCheckIcon!=!@heroicons/react/24/outline' (imported as 'DatabaseIcon').

Import trace for requested module:
./src/components/dashboard/services-integration-complete.tsx
./src/components/dashboard/dashboard-content.tsx
./src/app/page.tsx

./src/components/dashboard/services-integration-complete.tsx
Attempted import error: 'DatabaseIcon' is not exported from '__barrel_optimize__?names=BoltIcon,CircleStackIcon,CloudArrowUpIcon,CpuChipIcon,DatabaseIcon,MapIcon,ServerIcon,ShieldCheckIcon!=!@heroicons/react/24/outline' (imported as 'DatabaseIcon').

Import trace for requested module:
./src/components/dashboard/services-integration-complete.tsx
./src/components/dashboard/dashboard-content.tsx
./src/app/page.tsx
 ⚠ ./src/components/dashboard/services-integration-complete.tsx
Attempted import error: 'DatabaseIcon' is not exported from '__barrel_optimize__?names=BoltIcon,CircleStackIcon,CloudArrowUpIcon,CpuChipIcon,DatabaseIcon,MapIcon,ServerIcon,ShieldCheckIcon!=!@heroicons/react/24/outline' (imported as 'DatabaseIcon').

Import trace for requested module:
./src/components/dashboard/services-integration-complete.tsx
./src/components/dashboard/dashboard-content.tsx
./src/app/page.tsx

./src/components/dashboard/services-integration-complete.tsx
Attempted import error: 'DatabaseIcon' is not exported from '__barrel_optimize__?names=BoltIcon,CircleStackIcon,CloudArrowUpIcon,CpuChipIcon,DatabaseIcon,MapIcon,ServerIcon,ShieldCheckIcon!=!@heroicons/react/24/outline' (imported as 'DatabaseIcon').

Import trace for requested module:
./src/components/dashboard/services-integration-complete.tsx
./src/components/dashboard/dashboard-content.tsx
./src/app/page.tsx
 ⚠ ./src/components/dashboard/services-integration-complete.tsx
Attempted import error: 'DatabaseIcon' is not exported from '__barrel_optimize__?names=BoltIcon,CircleStackIcon,CloudArrowUpIcon,CpuChipIcon,DatabaseIcon,MapIcon,ServerIcon,ShieldCheckIcon!=!@heroicons/react/24/outline' (imported as 'DatabaseIcon').

Import trace for requested module:
./src/components/dashboard/services-integration-complete.tsx
./src/components/dashboard/dashboard-content.tsx
./src/app/page.tsx

./src/components/dashboard/services-integration-complete.tsx
Attempted import error: 'DatabaseIcon' is not exported from '__barrel_optimize__?names=BoltIcon,CircleStackIcon,CloudArrowUpIcon,CpuChipIcon,DatabaseIcon,MapIcon,ServerIcon,ShieldCheckIcon!=!@heroicons/react/24/outline' (imported as 'DatabaseIcon').

Import trace for requested module:
./src/components/dashboard/services-integration-complete.tsx
./src/components/dashboard/dashboard-content.tsx
./src/app/page.tsx

 ⚠ metadata.metadataBase is not set for resolving social open graph or twitter images, using "http://localhost:3000". See https://nextjs.org/docs/app/api-reference/functions/generate-metadata#metadatabase
 ⨯ src/lib/api.ts (131:4) @ handleApiError
 ⨯ ReferenceError: Cannot access 'handleApiError' before initialization
    at eval (./src/lib/api.ts:160:63)
    at Array.forEach (<anonymous>)
    at eval (./src/lib/api.ts:152:3)
    at (ssr)/./src/lib/api.ts (/Users/marcossantos/Library/CloudStorage/OneDrive-MareDatumConsultoriaeGestãodeProjectosUnipessoalLDA/Code/BGAPP/admin-dashboard/.next/server/app/page.js:459:1)
    at __webpack_require__ (/Users/marcossantos/Library/CloudStorage/OneDrive-MareDatumConsultoriaeGestãodeProjectosUnipessoalLDA/Code/BGAPP/admin-dashboard/.next/server/webpack-runtime.js:33:42)
    at eval (./src/components/dashboard/services-integration-complete.tsx:20:66)
    at (ssr)/./src/components/dashboard/services-integration-complete.tsx (/Users/marcossantos/Library/CloudStorage/OneDrive-MareDatumConsultoriaeGestãodeProjectosUnipessoalLDA/Code/BGAPP/admin-dashboard/.next/server/app/page.js:360:1)
    at __webpack_require__ (/Users/marcossantos/Library/CloudStorage/OneDrive-MareDatumConsultoriaeGestãodeProjectosUnipessoalLDA/Code/BGAPP/admin-dashboard/.next/server/webpack-runtime.js:33:42)
    at eval (./src/components/dashboard/dashboard-content.tsx:11:88)
    at (ssr)/./src/components/dashboard/dashboard-content.tsx (/Users/marcossantos/Library/CloudStorage/OneDrive-MareDatumConsultoriaeGestãodeProjectosUnipessoalLDA/Code/BGAPP/admin-dashboard/.next/server/app/page.js:316:1)
    at __webpack_require__ (/Users/marcossantos/Library/CloudStorage/OneDrive-MareDatumConsultoriaeGestãodeProjectosUnipessoalLDA/Code/BGAPP/admin-dashboard/.next/server/webpack-runtime.js:33:42)
    at eval (./src/app/page.tsx:11:97)
    at (ssr)/./src/app/page.tsx (/Users/marcossantos/Library/CloudStorage/OneDrive-MareDatumConsultoriaeGestãodeProjectosUnipessoalLDA/Code/BGAPP/admin-dashboard/.next/server/app/page.js:294:1)
    at __webpack_require__ (/Users/marcossantos/Library/CloudStorage/OneDrive-MareDatumConsultoriaeGestãodeProjectosUnipessoalLDA/Code/BGAPP/admin-dashboard/.next/server/webpack-runtime.js:33:42)
    at JSON.parse (<anonymous>)
[0m [90m 129 |[39m   apiClient[33m.[39minterceptors[33m.[39mresponse[33m.[39muse([0m
[0m [90m 130 |[39m     (response) [33m=>[39m response[33m,[39m[0m
[0m[31m[1m>[22m[39m[90m 131 |[39m     handleApiError[0m
[0m [90m     |[39m    [31m[1m^[22m[39m[0m
[0m [90m 132 |[39m   )[33m;[39m[0m
[0m [90m 133 |[39m })[33m;[39m[0m
[0m [90m 134 |[39m[0m
 ⚠ ./src/components/dashboard/services-integration-complete.tsx
Attempted import error: 'DatabaseIcon' is not exported from '__barrel_optimize__?names=BoltIcon,CircleStackIcon,CloudArrowUpIcon,CpuChipIcon,DatabaseIcon,MapIcon,ServerIcon,ShieldCheckIcon!=!@heroicons/react/24/outline' (imported as 'DatabaseIcon').

Import trace for requested module:
./src/components/dashboard/services-integration-complete.tsx
./src/components/dashboard/dashboard-content.tsx
./src/app/page.tsx

./src/components/dashboard/services-integration-complete.tsx
Attempted import error: 'DatabaseIcon' is not exported from '__barrel_optimize__?names=BoltIcon,CircleStackIcon,CloudArrowUpIcon,CpuChipIcon,DatabaseIcon,MapIcon,ServerIcon,ShieldCheckIcon!=!@heroicons/react/24/outline' (imported as 'DatabaseIcon').

Import trace for requested module:
./src/components/dashboard/services-integration-complete.tsx
./src/components/dashboard/dashboard-content.tsx
./src/app/page.tsx
 ⚠ ./src/components/dashboard/services-integration-complete.tsx
Attempted import error: 'DatabaseIcon' is not exported from '__barrel_optimize__?names=BoltIcon,CircleStackIcon,CloudArrowUpIcon,CpuChipIcon,DatabaseIcon,MapIcon,ServerIcon,ShieldCheckIcon!=!@heroicons/react/24/outline' (imported as 'DatabaseIcon').

Import trace for requested module:
./src/components/dashboard/services-integration-complete.tsx
./src/components/dashboard/dashboard-content.tsx
./src/app/page.tsx

./src/components/dashboard/services-integration-complete.tsx
Attempted import error: 'DatabaseIcon' is not exported from '__barrel_optimize__?names=BoltIcon,CircleStackIcon,CloudArrowUpIcon,CpuChipIcon,DatabaseIcon,MapIcon,ServerIcon,ShieldCheckIcon!=!@heroicons/react/24/outline' (imported as 'DatabaseIcon').

Import trace for requested module:
./src/components/dashboard/services-integration-complete.tsx
./src/components/dashboard/dashboard-content.tsx
./src/app/page.tsx

 ⚠ metadata.metadataBase is not set for resolving social open graph or twitter images, using "http://localhost:3000". See https://nextjs.org/docs/app/api-reference/functions/generate-metadata#metadatabase
 ○ Compiling /not-found ...
 ⚠ ./src/components/dashboard/services-integration-complete.tsx
Attempted import error: 'DatabaseIcon' is not exported from '__barrel_optimize__?names=BoltIcon,CircleStackIcon,CloudArrowUpIcon,CpuChipIcon,DatabaseIcon,MapIcon,ServerIcon,ShieldCheckIcon!=!@heroicons/react/24/outline' (imported as 'DatabaseIcon').

Import trace for requested module:
./src/components/dashboard/services-integration-complete.tsx
./src/components/dashboard/dashboard-content.tsx
./src/app/page.tsx

./src/components/dashboard/services-integration-complete.tsx
Attempted import error: 'DatabaseIcon' is not exported from '__barrel_optimize__?names=BoltIcon,CircleStackIcon,CloudArrowUpIcon,CpuChipIcon,DatabaseIcon,MapIcon,ServerIcon,ShieldCheckIcon!=!@heroicons/react/24/outline' (imported as 'DatabaseIcon').

Import trace for requested module:
./src/components/dashboard/services-integration-complete.tsx
./src/components/dashboard/dashboard-content.tsx
./src/app/page.tsx
 ⨯ src/lib/api.ts (131:4) @ handleApiError
 ⨯ ReferenceError: Cannot access 'handleApiError' before initialization
    at eval (./src/lib/api.ts:160:63)
    at Array.forEach (<anonymous>)
    at eval (./src/lib/api.ts:152:3)
    at (ssr)/./src/lib/api.ts (/Users/marcossantos/Library/CloudStorage/OneDrive-MareDatumConsultoriaeGestãodeProjectosUnipessoalLDA/Code/BGAPP/admin-dashboard/.next/server/app/page.js:459:1)
    at __webpack_require__ (/Users/marcossantos/Library/CloudStorage/OneDrive-MareDatumConsultoriaeGestãodeProjectosUnipessoalLDA/Code/BGAPP/admin-dashboard/.next/server/webpack-runtime.js:33:42)
    at eval (./src/components/dashboard/services-integration-complete.tsx:20:66)
    at (ssr)/./src/components/dashboard/services-integration-complete.tsx (/Users/marcossantos/Library/CloudStorage/OneDrive-MareDatumConsultoriaeGestãodeProjectosUnipessoalLDA/Code/BGAPP/admin-dashboard/.next/server/app/page.js:360:1)
    at __webpack_require__ (/Users/marcossantos/Library/CloudStorage/OneDrive-MareDatumConsultoriaeGestãodeProjectosUnipessoalLDA/Code/BGAPP/admin-dashboard/.next/server/webpack-runtime.js:33:42)
    at eval (./src/components/dashboard/dashboard-content.tsx:11:88)
    at (ssr)/./src/components/dashboard/dashboard-content.tsx (/Users/marcossantos/Library/CloudStorage/OneDrive-MareDatumConsultoriaeGestãodeProjectosUnipessoalLDA/Code/BGAPP/admin-dashboard/.next/server/app/page.js:316:1)
    at __webpack_require__ (/Users/marcossantos/Library/CloudStorage/OneDrive-MareDatumConsultoriaeGestãodeProjectosUnipessoalLDA/Code/BGAPP/admin-dashboard/.next/server/webpack-runtime.js:33:42)
    at eval (./src/app/page.tsx:11:97)
    at (ssr)/./src/app/page.tsx (/Users/marcossantos/Library/CloudStorage/OneDrive-MareDatumConsultoriaeGestãodeProjectosUnipessoalLDA/Code/BGAPP/admin-dashboard/.next/server/app/page.js:294:1)
    at __webpack_require__ (/Users/marcossantos/Library/CloudStorage/OneDrive-MareDatumConsultoriaeGestãodeProjectosUnipessoalLDA/Code/BGAPP/admin-dashboard/.next/server/webpack-runtime.js:33:42)
    at JSON.parse (<anonymous>)
[0m [90m 129 |[39m   apiClient[33m.[39minterceptors[33m.[39mresponse[33m.[39muse([0m
[0m [90m 130 |[39m     (response) [33m=>[39m response[33m,[39m[0m
[0m[31m[1m>[22m[39m[90m 131 |[39m     handleApiError[0m
[0m [90m     |[39m    [31m[1m^[22m[39m[0m
[0m [90m 132 |[39m   )[33m;[39m[0m
[0m [90m 133 |[39m })[33m;[39m[0m
[0m [90m 134 |[39m[0m
 ⨯ src/lib/api.ts (131:4) @ handleApiError
 ⨯ ReferenceError: Cannot access 'handleApiError' before initialization
    at eval (./src/lib/api.ts:160:63)
    at Array.forEach (<anonymous>)
    at eval (./src/lib/api.ts:152:3)
    at (ssr)/./src/lib/api.ts (/Users/marcossantos/Library/CloudStorage/OneDrive-MareDatumConsultoriaeGestãodeProjectosUnipessoalLDA/Code/BGAPP/admin-dashboard/.next/server/app/page.js:459:1)
    at __webpack_require__ (/Users/marcossantos/Library/CloudStorage/OneDrive-MareDatumConsultoriaeGestãodeProjectosUnipessoalLDA/Code/BGAPP/admin-dashboard/.next/server/webpack-runtime.js:33:42)
    at eval (./src/components/dashboard/services-integration-complete.tsx:20:66)
    at (ssr)/./src/components/dashboard/services-integration-complete.tsx (/Users/marcossantos/Library/CloudStorage/OneDrive-MareDatumConsultoriaeGestãodeProjectosUnipessoalLDA/Code/BGAPP/admin-dashboard/.next/server/app/page.js:360:1)
    at __webpack_require__ (/Users/marcossantos/Library/CloudStorage/OneDrive-MareDatumConsultoriaeGestãodeProjectosUnipessoalLDA/Code/BGAPP/admin-dashboard/.next/server/webpack-runtime.js:33:42)
    at eval (./src/components/dashboard/dashboard-content.tsx:11:88)
    at (ssr)/./src/components/dashboard/dashboard-content.tsx (/Users/marcossantos/Library/CloudStorage/OneDrive-MareDatumConsultoriaeGestãodeProjectosUnipessoalLDA/Code/BGAPP/admin-dashboard/.next/server/app/page.js:316:1)
    at __webpack_require__ (/Users/marcossantos/Library/CloudStorage/OneDrive-MareDatumConsultoriaeGestãodeProjectosUnipessoalLDA/Code/BGAPP/admin-dashboard/.next/server/webpack-runtime.js:33:42)
    at eval (./src/app/page.tsx:11:97)
    at (ssr)/./src/app/page.tsx (/Users/marcossantos/Library/CloudStorage/OneDrive-MareDatumConsultoriaeGestãodeProjectosUnipessoalLDA/Code/BGAPP/admin-dashboard/.next/server/app/page.js:294:1)
    at __webpack_require__ (/Users/marcossantos/Library/CloudStorage/OneDrive-MareDatumConsultoriaeGestãodeProjectosUnipessoalLDA/Code/BGAPP/admin-dashboard/.next/server/webpack-runtime.js:33:42)
    at JSON.parse (<anonymous>)
[0m [90m 129 |[39m   apiClient[33m.[39minterceptors[33m.[39mresponse[33m.[39muse([0m
[0m [90m 130 |[39m     (response) [33m=>[39m response[33m,[39m[0m
[0m[31m[1m>[22m[39m[90m 131 |[39m     handleApiError[0m
[0m [90m     |[39m    [31m[1m^[22m[39m[0m
[0m [90m 132 |[39m   )[33m;[39m[0m
[0m [90m 133 |[39m })[33m;[39m[0m
[0m [90m 134 |[39m[0m
 ⨯ src/lib/api.ts (131:4) @ handleApiError
 ⨯ ReferenceError: Cannot access 'handleApiError' before initialization
    at eval (./src/lib/api.ts:160:63)
    at Array.forEach (<anonymous>)
    at eval (./src/lib/api.ts:152:3)
    at (ssr)/./src/lib/api.ts (/Users/marcossantos/Library/CloudStorage/OneDrive-MareDatumConsultoriaeGestãodeProjectosUnipessoalLDA/Code/BGAPP/admin-dashboard/.next/server/app/page.js:459:1)
    at __webpack_require__ (/Users/marcossantos/Library/CloudStorage/OneDrive-MareDatumConsultoriaeGestãodeProjectosUnipessoalLDA/Code/BGAPP/admin-dashboard/.next/server/webpack-runtime.js:33:42)
    at eval (./src/components/dashboard/services-integration-complete.tsx:20:66)
    at (ssr)/./src/components/dashboard/services-integration-complete.tsx (/Users/marcossantos/Library/CloudStorage/OneDrive-MareDatumConsultoriaeGestãodeProjectosUnipessoalLDA/Code/BGAPP/admin-dashboard/.next/server/app/page.js:360:1)
    at __webpack_require__ (/Users/marcossantos/Library/CloudStorage/OneDrive-MareDatumConsultoriaeGestãodeProjectosUnipessoalLDA/Code/BGAPP/admin-dashboard/.next/server/webpack-runtime.js:33:42)
    at eval (./src/components/dashboard/dashboard-content.tsx:11:88)
    at (ssr)/./src/components/dashboard/dashboard-content.tsx (/Users/marcossantos/Library/CloudStorage/OneDrive-MareDatumConsultoriaeGestãodeProjectosUnipessoalLDA/Code/BGAPP/admin-dashboard/.next/server/app/page.js:316:1)
    at __webpack_require__ (/Users/marcossantos/Library/CloudStorage/OneDrive-MareDatumConsultoriaeGestãodeProjectosUnipessoalLDA/Code/BGAPP/admin-dashboard/.next/server/webpack-runtime.js:33:42)
    at eval (./src/app/page.tsx:11:97)
    at (ssr)/./src/app/page.tsx (/Users/marcossantos/Library/CloudStorage/OneDrive-MareDatumConsultoriaeGestãodeProjectosUnipessoalLDA/Code/BGAPP/admin-dashboard/.next/server/app/page.js:294:1)
    at __webpack_require__ (/Users/marcossantos/Library/CloudStorage/OneDrive-MareDatumConsultoriaeGestãodeProjectosUnipessoalLDA/Code/BGAPP/admin-dashboard/.next/server/webpack-runtime.js:33:42)
    at JSON.parse (<anonymous>)
[0m [90m 129 |[39m   apiClient[33m.[39minterceptors[33m.[39mresponse[33m.[39muse([0m
[0m [90m 130 |[39m     (response) [33m=>[39m response[33m,[39m[0m
[0m[31m[1m>[22m[39m[90m 131 |[39m     handleApiError[0m
[0m [90m     |[39m    [31m[1m^[22m[39m[0m
[0m [90m 132 |[39m   )[33m;[39m[0m
[0m [90m 133 |[39m })[33m;[39m[0m
[0m [90m 134 |[39m[0m
 ⚠ ./src/components/dashboard/services-integration-complete.tsx
Attempted import error: 'DatabaseIcon' is not exported from '__barrel_optimize__?names=BoltIcon,CircleStackIcon,CloudArrowUpIcon,CpuChipIcon,DatabaseIcon,MapIcon,ServerIcon,ShieldCheckIcon!=!@heroicons/react/24/outline' (imported as 'DatabaseIcon').

Import trace for requested module:
./src/components/dashboard/services-integration-complete.tsx
./src/components/dashboard/dashboard-content.tsx
./src/app/page.tsx

./src/components/dashboard/services-integration-complete.tsx
Attempted import error: 'DatabaseIcon' is not exported from '__barrel_optimize__?names=BoltIcon,CircleStackIcon,CloudArrowUpIcon,CpuChipIcon,DatabaseIcon,MapIcon,ServerIcon,ShieldCheckIcon!=!@heroicons/react/24/outline' (imported as 'DatabaseIcon').

Import trace for requested module:
./src/components/dashboard/services-integration-complete.tsx
./src/components/dashboard/dashboard-content.tsx
./src/app/page.tsx

 ⚠ metadata.metadataBase is not set for resolving social open graph or twitter images, using "http://localhost:3000". See https://nextjs.org/docs/app/api-reference/functions/generate-metadata#metadatabase
 ⨯ src/lib/api.ts (131:4) @ handleApiError
 ⨯ ReferenceError: Cannot access 'handleApiError' before initialization
    at eval (./src/lib/api.ts:160:63)
    at Array.forEach (<anonymous>)
    at eval (./src/lib/api.ts:152:3)
    at (ssr)/./src/lib/api.ts (/Users/marcossantos/Library/CloudStorage/OneDrive-MareDatumConsultoriaeGestãodeProjectosUnipessoalLDA/Code/BGAPP/admin-dashboard/.next/server/app/page.js:459:1)
    at __webpack_require__ (/Users/marcossantos/Library/CloudStorage/OneDrive-MareDatumConsultoriaeGestãodeProjectosUnipessoalLDA/Code/BGAPP/admin-dashboard/.next/server/webpack-runtime.js:33:42)
    at eval (./src/components/dashboard/services-integration-complete.tsx:20:66)
    at (ssr)/./src/components/dashboard/services-integration-complete.tsx (/Users/marcossantos/Library/CloudStorage/OneDrive-MareDatumConsultoriaeGestãodeProjectosUnipessoalLDA/Code/BGAPP/admin-dashboard/.next/server/app/page.js:360:1)
    at __webpack_require__ (/Users/marcossantos/Library/CloudStorage/OneDrive-MareDatumConsultoriaeGestãodeProjectosUnipessoalLDA/Code/BGAPP/admin-dashboard/.next/server/webpack-runtime.js:33:42)
    at eval (./src/components/dashboard/dashboard-content.tsx:11:88)
    at (ssr)/./src/components/dashboard/dashboard-content.tsx (/Users/marcossantos/Library/CloudStorage/OneDrive-MareDatumConsultoriaeGestãodeProjectosUnipessoalLDA/Code/BGAPP/admin-dashboard/.next/server/app/page.js:316:1)
    at __webpack_require__ (/Users/marcossantos/Library/CloudStorage/OneDrive-MareDatumConsultoriaeGestãodeProjectosUnipessoalLDA/Code/BGAPP/admin-dashboard/.next/server/webpack-runtime.js:33:42)
    at eval (./src/app/page.tsx:11:97)
    at (ssr)/./src/app/page.tsx (/Users/marcossantos/Library/CloudStorage/OneDrive-MareDatumConsultoriaeGestãodeProjectosUnipessoalLDA/Code/BGAPP/admin-dashboard/.next/server/app/page.js:294:1)
    at __webpack_require__ (/Users/marcossantos/Library/CloudStorage/OneDrive-MareDatumConsultoriaeGestãodeProjectosUnipessoalLDA/Code/BGAPP/admin-dashboard/.next/server/webpack-runtime.js:33:42)
    at JSON.parse (<anonymous>)
[0m [90m 129 |[39m   apiClient[33m.[39minterceptors[33m.[39mresponse[33m.[39muse([0m
[0m [90m 130 |[39m     (response) [33m=>[39m response[33m,[39m[0m
[0m[31m[1m>[22m[39m[90m 131 |[39m     handleApiError[0m
[0m [90m     |[39m    [31m[1m^[22m[39m[0m
[0m [90m 132 |[39m   )[33m;[39m[0m
[0m [90m 133 |[39m })[33m;[39m[0m
[0m [90m 134 |[39m[0m
 ⨯ src/lib/api.ts (131:4) @ handleApiError
 ⨯ ReferenceError: Cannot access 'handleApiError' before initialization
    at eval (./src/lib/api.ts:160:63)
    at Array.forEach (<anonymous>)
    at eval (./src/lib/api.ts:152:3)
    at (ssr)/./src/lib/api.ts (/Users/marcossantos/Library/CloudStorage/OneDrive-MareDatumConsultoriaeGestãodeProjectosUnipessoalLDA/Code/BGAPP/admin-dashboard/.next/server/app/page.js:459:1)
    at __webpack_require__ (/Users/marcossantos/Library/CloudStorage/OneDrive-MareDatumConsultoriaeGestãodeProjectosUnipessoalLDA/Code/BGAPP/admin-dashboard/.next/server/webpack-runtime.js:33:42)
    at eval (./src/components/dashboard/services-integration-complete.tsx:20:66)
    at (ssr)/./src/components/dashboard/services-integration-complete.tsx (/Users/marcossantos/Library/CloudStorage/OneDrive-MareDatumConsultoriaeGestãodeProjectosUnipessoalLDA/Code/BGAPP/admin-dashboard/.next/server/app/page.js:360:1)
    at __webpack_require__ (/Users/marcossantos/Library/CloudStorage/OneDrive-MareDatumConsultoriaeGestãodeProjectosUnipessoalLDA/Code/BGAPP/admin-dashboard/.next/server/webpack-runtime.js:33:42)
    at eval (./src/components/dashboard/dashboard-content.tsx:11:88)
    at (ssr)/./src/components/dashboard/dashboard-content.tsx (/Users/marcossantos/Library/CloudStorage/OneDrive-MareDatumConsultoriaeGestãodeProjectosUnipessoalLDA/Code/BGAPP/admin-dashboard/.next/server/app/page.js:316:1)
    at __webpack_require__ (/Users/marcossantos/Library/CloudStorage/OneDrive-MareDatumConsultoriaeGestãodeProjectosUnipessoalLDA/Code/BGAPP/admin-dashboard/.next/server/webpack-runtime.js:33:42)
    at eval (./src/app/page.tsx:11:97)
    at (ssr)/./src/app/page.tsx (/Users/marcossantos/Library/CloudStorage/OneDrive-MareDatumConsultoriaeGestãodeProjectosUnipessoalLDA/Code/BGAPP/admin-dashboard/.next/server/app/page.js:294:1)
    at __webpack_require__ (/Users/marcossantos/Library/CloudStorage/OneDrive-MareDatumConsultoriaeGestãodeProjectosUnipessoalLDA/Code/BGAPP/admin-dashboard/.next/server/webpack-runtime.js:33:42)
    at JSON.parse (<anonymous>)
[0m [90m 129 |[39m   apiClient[33m.[39minterceptors[33m.[39mresponse[33m.[39muse([0m
[0m [90m 130 |[39m     (response) [33m=>[39m response[33m,[39m[0m
[0m[31m[1m>[22m[39m[90m 131 |[39m     handleApiError[0m
[0m [90m     |[39m    [31m[1m^[22m[39m[0m
[0m [90m 132 |[39m   )[33m;[39m[0m
[0m [90m 133 |[39m })[33m;[39m[0m
[0m [90m 134 |[39m[0m
 ⨯ src/lib/api.ts (131:4) @ handleApiError
 ⨯ ReferenceError: Cannot access 'handleApiError' before initialization
    at eval (./src/lib/api.ts:160:63)
    at Array.forEach (<anonymous>)
    at eval (./src/lib/api.ts:152:3)
    at (ssr)/./src/lib/api.ts (/Users/marcossantos/Library/CloudStorage/OneDrive-MareDatumConsultoriaeGestãodeProjectosUnipessoalLDA/Code/BGAPP/admin-dashboard/.next/server/app/page.js:459:1)
    at __webpack_require__ (/Users/marcossantos/Library/CloudStorage/OneDrive-MareDatumConsultoriaeGestãodeProjectosUnipessoalLDA/Code/BGAPP/admin-dashboard/.next/server/webpack-runtime.js:33:42)
    at eval (./src/components/dashboard/services-integration-complete.tsx:20:66)
    at (ssr)/./src/components/dashboard/services-integration-complete.tsx (/Users/marcossantos/Library/CloudStorage/OneDrive-MareDatumConsultoriaeGestãodeProjectosUnipessoalLDA/Code/BGAPP/admin-dashboard/.next/server/app/page.js:360:1)
    at __webpack_require__ (/Users/marcossantos/Library/CloudStorage/OneDrive-MareDatumConsultoriaeGestãodeProjectosUnipessoalLDA/Code/BGAPP/admin-dashboard/.next/server/webpack-runtime.js:33:42)
    at eval (./src/components/dashboard/dashboard-content.tsx:11:88)
    at (ssr)/./src/components/dashboard/dashboard-content.tsx (/Users/marcossantos/Library/CloudStorage/OneDrive-MareDatumConsultoriaeGestãodeProjectosUnipessoalLDA/Code/BGAPP/admin-dashboard/.next/server/app/page.js:316:1)
    at __webpack_require__ (/Users/marcossantos/Library/CloudStorage/OneDrive-MareDatumConsultoriaeGestãodeProjectosUnipessoalLDA/Code/BGAPP/admin-dashboard/.next/server/webpack-runtime.js:33:42)
    at eval (./src/app/page.tsx:11:97)
    at (ssr)/./src/app/page.tsx (/Users/marcossantos/Library/CloudStorage/OneDrive-MareDatumConsultoriaeGestãodeProjectosUnipessoalLDA/Code/BGAPP/admin-dashboard/.next/server/app/page.js:294:1)
    at __webpack_require__ (/Users/marcossantos/Library/CloudStorage/OneDrive-MareDatumConsultoriaeGestãodeProjectosUnipessoalLDA/Code/BGAPP/admin-dashboard/.next/server/webpack-runtime.js:33:42)
    at JSON.parse (<anonymous>)
[0m [90m 129 |[39m   apiClient[33m.[39minterceptors[33m.[39mresponse[33m.[39muse([0m
[0m [90m 130 |[39m     (response) [33m=>[39m response[33m,[39m[0m
[0m[31m[1m>[22m[39m[90m 131 |[39m     handleApiError[0m
[0m [90m     |[39m    [31m[1m^[22m[39m[0m
[0m [90m 132 |[39m   )[33m;[39m[0m
[0m [90m 133 |[39m })[33m;[39m[0m
[0m [90m 134 |[39m[0m
 ⨯ src/lib/api.ts (131:4) @ handleApiError
 ⨯ ReferenceError: Cannot access 'handleApiError' before initialization
    at eval (./src/lib/api.ts:160:63)
    at Array.forEach (<anonymous>)
    at eval (./src/lib/api.ts:152:3)
    at (ssr)/./src/lib/api.ts (/Users/marcossantos/Library/CloudStorage/OneDrive-MareDatumConsultoriaeGestãodeProjectosUnipessoalLDA/Code/BGAPP/admin-dashboard/.next/server/app/page.js:459:1)
    at __webpack_require__ (/Users/marcossantos/Library/CloudStorage/OneDrive-MareDatumConsultoriaeGestãodeProjectosUnipessoalLDA/Code/BGAPP/admin-dashboard/.next/server/webpack-runtime.js:33:42)
    at eval (./src/components/dashboard/services-integration-complete.tsx:20:66)
    at (ssr)/./src/components/dashboard/services-integration-complete.tsx (/Users/marcossantos/Library/CloudStorage/OneDrive-MareDatumConsultoriaeGestãodeProjectosUnipessoalLDA/Code/BGAPP/admin-dashboard/.next/server/app/page.js:360:1)
    at __webpack_require__ (/Users/marcossantos/Library/CloudStorage/OneDrive-MareDatumConsultoriaeGestãodeProjectosUnipessoalLDA/Code/BGAPP/admin-dashboard/.next/server/webpack-runtime.js:33:42)
    at eval (./src/components/dashboard/dashboard-content.tsx:11:88)
    at (ssr)/./src/components/dashboard/dashboard-content.tsx (/Users/marcossantos/Library/CloudStorage/OneDrive-MareDatumConsultoriaeGestãodeProjectosUnipessoalLDA/Code/BGAPP/admin-dashboard/.next/server/app/page.js:316:1)
    at __webpack_require__ (/Users/marcossantos/Library/CloudStorage/OneDrive-MareDatumConsultoriaeGestãodeProjectosUnipessoalLDA/Code/BGAPP/admin-dashboard/.next/server/webpack-runtime.js:33:42)
    at eval (./src/app/page.tsx:11:97)
    at (ssr)/./src/app/page.tsx (/Users/marcossantos/Library/CloudStorage/OneDrive-MareDatumConsultoriaeGestãodeProjectosUnipessoalLDA/Code/BGAPP/admin-dashboard/.next/server/app/page.js:294:1)
    at __webpack_require__ (/Users/marcossantos/Library/CloudStorage/OneDrive-MareDatumConsultoriaeGestãodeProjectosUnipessoalLDA/Code/BGAPP/admin-dashboard/.next/server/webpack-runtime.js:33:42)
    at JSON.parse (<anonymous>)
[0m [90m 129 |[39m   apiClient[33m.[39minterceptors[33m.[39mresponse[33m.[39muse([0m
[0m [90m 130 |[39m     (response) [33m=>[39m response[33m,[39m[0m
[0m[31m[1m>[22m[39m[90m 131 |[39m     handleApiError[0m
[0m [90m     |[39m    [31m[1m^[22m[39m[0m
[0m [90m 132 |[39m   )[33m;[39m[0m
[0m [90m 133 |[39m })[33m;[39m[0m
[0m [90m 134 |[39m[0m
 ⨯ src/lib/api.ts (131:4) @ handleApiError
 ⨯ ReferenceError: Cannot access 'handleApiError' before initialization
    at eval (./src/lib/api.ts:160:63)
    at Array.forEach (<anonymous>)
    at eval (./src/lib/api.ts:152:3)
    at (ssr)/./src/lib/api.ts (/Users/marcossantos/Library/CloudStorage/OneDrive-MareDatumConsultoriaeGestãodeProjectosUnipessoalLDA/Code/BGAPP/admin-dashboard/.next/server/app/page.js:459:1)
    at __webpack_require__ (/Users/marcossantos/Library/CloudStorage/OneDrive-MareDatumConsultoriaeGestãodeProjectosUnipessoalLDA/Code/BGAPP/admin-dashboard/.next/server/webpack-runtime.js:33:42)
    at eval (./src/components/dashboard/services-integration-complete.tsx:20:66)
    at (ssr)/./src/components/dashboard/services-integration-complete.tsx (/Users/marcossantos/Library/CloudStorage/OneDrive-MareDatumConsultoriaeGestãodeProjectosUnipessoalLDA/Code/BGAPP/admin-dashboard/.next/server/app/page.js:360:1)
    at __webpack_require__ (/Users/marcossantos/Library/CloudStorage/OneDrive-MareDatumConsultoriaeGestãodeProjectosUnipessoalLDA/Code/BGAPP/admin-dashboard/.next/server/webpack-runtime.js:33:42)
    at eval (./src/components/dashboard/dashboard-content.tsx:11:88)
    at (ssr)/./src/components/dashboard/dashboard-content.tsx (/Users/marcossantos/Library/CloudStorage/OneDrive-MareDatumConsultoriaeGestãodeProjectosUnipessoalLDA/Code/BGAPP/admin-dashboard/.next/server/app/page.js:316:1)
    at __webpack_require__ (/Users/marcossantos/Library/CloudStorage/OneDrive-MareDatumConsultoriaeGestãodeProjectosUnipessoalLDA/Code/BGAPP/admin-dashboard/.next/server/webpack-runtime.js:33:42)
    at eval (./src/app/page.tsx:11:97)
    at (ssr)/./src/app/page.tsx (/Users/marcossantos/Library/CloudStorage/OneDrive-MareDatumConsultoriaeGestãodeProjectosUnipessoalLDA/Code/BGAPP/admin-dashboard/.next/server/app/page.js:294:1)
    at __webpack_require__ (/Users/marcossantos/Library/CloudStorage/OneDrive-MareDatumConsultoriaeGestãodeProjectosUnipessoalLDA/Code/BGAPP/admin-dashboard/.next/server/webpack-runtime.js:33:42)
    at JSON.parse (<anonymous>)
[0m [90m 129 |[39m   apiClient[33m.[39minterceptors[33m.[39mresponse[33m.[39muse([0m
[0m [90m 130 |[39m     (response) [33m=>[39m response[33m,[39m[0m
[0m[31m[1m>[22m[39m[90m 131 |[39m     handleApiError[0m
[0m [90m     |[39m    [31m[1m^[22m[39m[0m
[0m [90m 132 |[39m   )[33m;[39m[0m
[0m [90m 133 |[39m })[33m;[39m[0m
[0m [90m 134 |[39m[0m
 ⚠ ./src/components/dashboard/services-integration-complete.tsx
Attempted import error: 'DatabaseIcon' is not exported from '__barrel_optimize__?names=BoltIcon,CircleStackIcon,CloudArrowUpIcon,CpuChipIcon,DatabaseIcon,MapIcon,ServerIcon,ShieldCheckIcon!=!@heroicons/react/24/outline' (imported as 'DatabaseIcon').

Import trace for requested module:
./src/components/dashboard/services-integration-complete.tsx
./src/components/dashboard/dashboard-content.tsx
./src/app/page.tsx

./src/components/dashboard/services-integration-complete.tsx
Attempted import error: 'DatabaseIcon' is not exported from '__barrel_optimize__?names=BoltIcon,CircleStackIcon,CloudArrowUpIcon,CpuChipIcon,DatabaseIcon,MapIcon,ServerIcon,ShieldCheckIcon!=!@heroicons/react/24/outline' (imported as 'DatabaseIcon').

Import trace for requested module:
./src/components/dashboard/services-integration-complete.tsx
./src/components/dashboard/dashboard-content.tsx
./src/app/page.tsx

 ⚠ metadata.metadataBase is not set for resolving social open graph or twitter images, using "http://localhost:3000". See https://nextjs.org/docs/app/api-reference/functions/generate-metadata#metadatabase
 ⨯ src/lib/api.ts (131:4) @ handleApiError
 ⨯ ReferenceError: Cannot access 'handleApiError' before initialization
    at eval (./src/lib/api.ts:160:63)
    at Array.forEach (<anonymous>)
    at eval (./src/lib/api.ts:152:3)
    at (ssr)/./src/lib/api.ts (/Users/marcossantos/Library/CloudStorage/OneDrive-MareDatumConsultoriaeGestãodeProjectosUnipessoalLDA/Code/BGAPP/admin-dashboard/.next/server/app/page.js:459:1)
    at __webpack_require__ (/Users/marcossantos/Library/CloudStorage/OneDrive-MareDatumConsultoriaeGestãodeProjectosUnipessoalLDA/Code/BGAPP/admin-dashboard/.next/server/webpack-runtime.js:33:42)
    at eval (./src/components/dashboard/services-integration-complete.tsx:20:66)
    at (ssr)/./src/components/dashboard/services-integration-complete.tsx (/Users/marcossantos/Library/CloudStorage/OneDrive-MareDatumConsultoriaeGestãodeProjectosUnipessoalLDA/Code/BGAPP/admin-dashboard/.next/server/app/page.js:360:1)
    at __webpack_require__ (/Users/marcossantos/Library/CloudStorage/OneDrive-MareDatumConsultoriaeGestãodeProjectosUnipessoalLDA/Code/BGAPP/admin-dashboard/.next/server/webpack-runtime.js:33:42)
    at eval (./src/components/dashboard/dashboard-content.tsx:11:88)
    at (ssr)/./src/components/dashboard/dashboard-content.tsx (/Users/marcossantos/Library/CloudStorage/OneDrive-MareDatumConsultoriaeGestãodeProjectosUnipessoalLDA/Code/BGAPP/admin-dashboard/.next/server/app/page.js:316:1)
    at __webpack_require__ (/Users/marcossantos/Library/CloudStorage/OneDrive-MareDatumConsultoriaeGestãodeProjectosUnipessoalLDA/Code/BGAPP/admin-dashboard/.next/server/webpack-runtime.js:33:42)
    at eval (./src/app/page.tsx:11:97)
    at (ssr)/./src/app/page.tsx (/Users/marcossantos/Library/CloudStorage/OneDrive-MareDatumConsultoriaeGestãodeProjectosUnipessoalLDA/Code/BGAPP/admin-dashboard/.next/server/app/page.js:294:1)
    at __webpack_require__ (/Users/marcossantos/Library/CloudStorage/OneDrive-MareDatumConsultoriaeGestãodeProjectosUnipessoalLDA/Code/BGAPP/admin-dashboard/.next/server/webpack-runtime.js:33:42)
    at JSON.parse (<anonymous>)
[0m [90m 129 |[39m   apiClient[33m.[39minterceptors[33m.[39mresponse[33m.[39muse([0m
[0m [90m 130 |[39m     (response) [33m=>[39m response[33m,[39m[0m
[0m[31m[1m>[22m[39m[90m 131 |[39m     handleApiError[0m
[0m [90m     |[39m    [31m[1m^[22m[39m[0m
[0m [90m 132 |[39m   )[33m;[39m[0m
[0m [90m 133 |[39m })[33m;[39m[0m
[0m [90m 134 |[39m[0m
 ⨯ src/lib/api.ts (131:4) @ handleApiError
 ⨯ ReferenceError: Cannot access 'handleApiError' before initialization
    at eval (./src/lib/api.ts:160:63)
    at Array.forEach (<anonymous>)
    at eval (./src/lib/api.ts:152:3)
    at (ssr)/./src/lib/api.ts (/Users/marcossantos/Library/CloudStorage/OneDrive-MareDatumConsultoriaeGestãodeProjectosUnipessoalLDA/Code/BGAPP/admin-dashboard/.next/server/app/page.js:459:1)
    at __webpack_require__ (/Users/marcossantos/Library/CloudStorage/OneDrive-MareDatumConsultoriaeGestãodeProjectosUnipessoalLDA/Code/BGAPP/admin-dashboard/.next/server/webpack-runtime.js:33:42)
    at eval (./src/components/dashboard/services-integration-complete.tsx:20:66)
    at (ssr)/./src/components/dashboard/services-integration-complete.tsx (/Users/marcossantos/Library/CloudStorage/OneDrive-MareDatumConsultoriaeGestãodeProjectosUnipessoalLDA/Code/BGAPP/admin-dashboard/.next/server/app/page.js:360:1)
    at __webpack_require__ (/Users/marcossantos/Library/CloudStorage/OneDrive-MareDatumConsultoriaeGestãodeProjectosUnipessoalLDA/Code/BGAPP/admin-dashboard/.next/server/webpack-runtime.js:33:42)
    at eval (./src/components/dashboard/dashboard-content.tsx:11:88)
    at (ssr)/./src/components/dashboard/dashboard-content.tsx (/Users/marcossantos/Library/CloudStorage/OneDrive-MareDatumConsultoriaeGestãodeProjectosUnipessoalLDA/Code/BGAPP/admin-dashboard/.next/server/app/page.js:316:1)
    at __webpack_require__ (/Users/marcossantos/Library/CloudStorage/OneDrive-MareDatumConsultoriaeGestãodeProjectosUnipessoalLDA/Code/BGAPP/admin-dashboard/.next/server/webpack-runtime.js:33:42)
    at eval (./src/app/page.tsx:11:97)
    at (ssr)/./src/app/page.tsx (/Users/marcossantos/Library/CloudStorage/OneDrive-MareDatumConsultoriaeGestãodeProjectosUnipessoalLDA/Code/BGAPP/admin-dashboard/.next/server/app/page.js:294:1)
    at __webpack_require__ (/Users/marcossantos/Library/CloudStorage/OneDrive-MareDatumConsultoriaeGestãodeProjectosUnipessoalLDA/Code/BGAPP/admin-dashboard/.next/server/webpack-runtime.js:33:42)
    at JSON.parse (<anonymous>)
[0m [90m 129 |[39m   apiClient[33m.[39minterceptors[33m.[39mresponse[33m.[39muse([0m
[0m [90m 130 |[39m     (response) [33m=>[39m response[33m,[39m[0m
[0m[31m[1m>[22m[39m[90m 131 |[39m     handleApiError[0m
[0m [90m     |[39m    [31m[1m^[22m[39m[0m
[0m [90m 132 |[39m   )[33m;[39m[0m
[0m [90m 133 |[39m })[33m;[39m[0m
[0m [90m 134 |[39m[0m
 ⨯ src/lib/api.ts (131:4) @ handleApiError
 ⨯ ReferenceError: Cannot access 'handleApiError' before initialization
    at eval (./src/lib/api.ts:160:63)
    at Array.forEach (<anonymous>)
    at eval (./src/lib/api.ts:152:3)
    at (ssr)/./src/lib/api.ts (/Users/marcossantos/Library/CloudStorage/OneDrive-MareDatumConsultoriaeGestãodeProjectosUnipessoalLDA/Code/BGAPP/admin-dashboard/.next/server/app/page.js:459:1)
    at __webpack_require__ (/Users/marcossantos/Library/CloudStorage/OneDrive-MareDatumConsultoriaeGestãodeProjectosUnipessoalLDA/Code/BGAPP/admin-dashboard/.next/server/webpack-runtime.js:33:42)
    at eval (./src/components/dashboard/services-integration-complete.tsx:20:66)
    at (ssr)/./src/components/dashboard/services-integration-complete.tsx (/Users/marcossantos/Library/CloudStorage/OneDrive-MareDatumConsultoriaeGestãodeProjectosUnipessoalLDA/Code/BGAPP/admin-dashboard/.next/server/app/page.js:360:1)
    at __webpack_require__ (/Users/marcossantos/Library/CloudStorage/OneDrive-MareDatumConsultoriaeGestãodeProjectosUnipessoalLDA/Code/BGAPP/admin-dashboard/.next/server/webpack-runtime.js:33:42)
    at eval (./src/components/dashboard/dashboard-content.tsx:11:88)
    at (ssr)/./src/components/dashboard/dashboard-content.tsx (/Users/marcossantos/Library/CloudStorage/OneDrive-MareDatumConsultoriaeGestãodeProjectosUnipessoalLDA/Code/BGAPP/admin-dashboard/.next/server/app/page.js:316:1)
    at __webpack_require__ (/Users/marcossantos/Library/CloudStorage/OneDrive-MareDatumConsultoriaeGestãodeProjectosUnipessoalLDA/Code/BGAPP/admin-dashboard/.next/server/webpack-runtime.js:33:42)
    at eval (./src/app/page.tsx:11:97)
    at (ssr)/./src/app/page.tsx (/Users/marcossantos/Library/CloudStorage/OneDrive-MareDatumConsultoriaeGestãodeProjectosUnipessoalLDA/Code/BGAPP/admin-dashboard/.next/server/app/page.js:294:1)
    at __webpack_require__ (/Users/marcossantos/Library/CloudStorage/OneDrive-MareDatumConsultoriaeGestãodeProjectosUnipessoalLDA/Code/BGAPP/admin-dashboard/.next/server/webpack-runtime.js:33:42)
    at JSON.parse (<anonymous>)
[0m [90m 129 |[39m   apiClient[33m.[39minterceptors[33m.[39mresponse[33m.[39muse([0m
[0m [90m 130 |[39m     (response) [33m=>[39m response[33m,[39m[0m
[0m[31m[1m>[22m[39m[90m 131 |[39m     handleApiError[0m
[0m [90m     |[39m    [31m[1m^[22m[39m[0m
[0m [90m 132 |[39m   )[33m;[39m[0m
[0m [90m 133 |[39m })[33m;[39m[0m
[0m [90m 134 |[39m[0m
[?25h
